Performing C SOURCE FILE Test CMAKE_HAVE_LIBC_PTHREAD failed with the following output:
Change Dir: /home/elsa/libmirai/build/CMakeFiles/CMakeTmp

Run Build Command(s):/usr/bin/make -f Makefile cmTC_bcc9f/fast && /usr/bin/make  -f CMakeFiles/cmTC_bcc9f.dir/build.make CMakeFiles/cmTC_bcc9f.dir/build
make[1]: 进入目录“/home/elsa/libmirai/build/CMakeFiles/CMakeTmp”
Building C object CMakeFiles/cmTC_bcc9f.dir/src.c.o
/bin/x86_64-linux-gnu-gcc-9 -DCMAKE_HAVE_LIBC_PTHREAD   -o CMakeFiles/cmTC_bcc9f.dir/src.c.o -c /home/elsa/libmirai/build/CMakeFiles/CMakeTmp/src.c
Linking C executable cmTC_bcc9f
/snap/cmake/1082/bin/cmake -E cmake_link_script CMakeFiles/cmTC_bcc9f.dir/link.txt --verbose=1
/bin/x86_64-linux-gnu-gcc-9 CMakeFiles/cmTC_bcc9f.dir/src.c.o -o cmTC_bcc9f 
/usr/bin/ld: CMakeFiles/cmTC_bcc9f.dir/src.c.o: in function `main':
src.c:(.text+0x46): undefined reference to `pthread_create'
/usr/bin/ld: src.c:(.text+0x52): undefined reference to `pthread_detach'
/usr/bin/ld: src.c:(.text+0x5e): undefined reference to `pthread_cancel'
/usr/bin/ld: src.c:(.text+0x6f): undefined reference to `pthread_join'
collect2: error: ld returned 1 exit status
make[1]: *** [CMakeFiles/cmTC_bcc9f.dir/build.make:99：cmTC_bcc9f] 错误 1
make[1]: 离开目录“/home/elsa/libmirai/build/CMakeFiles/CMakeTmp”
make: *** [Makefile:127：cmTC_bcc9f/fast] 错误 2


Source file was:
#include <pthread.h>

static void* test_func(void* data)
{
  return data;
}

int main(void)
{
  pthread_t thread;
  pthread_create(&thread, NULL, test_func, NULL);
  pthread_detach(thread);
  pthread_cancel(thread);
  pthread_join(thread, NULL);
  pthread_atfork(NULL, NULL, NULL);
  pthread_exit(NULL);

  return 0;
}

Determining if the function pthread_create exists in the pthreads failed with the following output:
Change Dir: /home/elsa/libmirai/build/CMakeFiles/CMakeTmp

Run Build Command(s):/usr/bin/make -f Makefile cmTC_15929/fast && /usr/bin/make  -f CMakeFiles/cmTC_15929.dir/build.make CMakeFiles/cmTC_15929.dir/build
make[1]: 进入目录“/home/elsa/libmirai/build/CMakeFiles/CMakeTmp”
Building C object CMakeFiles/cmTC_15929.dir/CheckFunctionExists.c.o
/bin/x86_64-linux-gnu-gcc-9   -DCHECK_FUNCTION_EXISTS=pthread_create -o CMakeFiles/cmTC_15929.dir/CheckFunctionExists.c.o -c /snap/cmake/1082/share/cmake-3.23/Modules/CheckFunctionExists.c
Linking C executable cmTC_15929
/snap/cmake/1082/bin/cmake -E cmake_link_script CMakeFiles/cmTC_15929.dir/link.txt --verbose=1
/bin/x86_64-linux-gnu-gcc-9  -DCHECK_FUNCTION_EXISTS=pthread_create CMakeFiles/cmTC_15929.dir/CheckFunctionExists.c.o -o cmTC_15929  -lpthreads 
/usr/bin/ld: 找不到 -lpthreads
collect2: error: ld returned 1 exit status
make[1]: *** [CMakeFiles/cmTC_15929.dir/build.make:99：cmTC_15929] 错误 1
make[1]: 离开目录“/home/elsa/libmirai/build/CMakeFiles/CMakeTmp”
make: *** [Makefile:127：cmTC_15929/fast] 错误 2



